Running: E:\Xilinx\14.7\ISE_DS\ISE\bin\nt64\unwrapped\fuse.exe -intstyle ise -incremental -lib secureip -o E:/hoshino_Data/SotsuKen/ISE/DAC_control/MCP4726_test_isim_beh.exe -prj E:/hoshino_Data/SotsuKen/ISE/DAC_control/MCP4726_test_beh.prj work.MCP4726_test 
ISim P.20131013 (signature 0x7708f090)
Number of CPUs detected in this system: 4
Turning on mult-threading, number of parallel sub-compilation jobs: 8 
Determining compilation order of HDL files
Parsing VHDL file "E:/hoshino_Data/SotsuKen/ISE/DAC_control/MCP4726_ctrl.vhd" into library work
Parsing VHDL file "E:/hoshino_Data/SotsuKen/ISE/DAC_control/MCP4726_test.vhd" into library work
Starting static elaboration
Completed static elaboration
Compiling package standard
Compiling package std_logic_1164
Compiling package std_logic_arith
Compiling package std_logic_unsigned
Compiling package numeric_std
Compiling architecture control of entity MCP4726_ctrl [mcp4726_ctrl_default]
Compiling architecture behavior of entity mcp4726_test
Time Resolution for simulation is 1ps.
Waiting for 1 sub-compilation(s) to finish...
Compiled 8 VHDL Units
Built simulation executable E:/hoshino_Data/SotsuKen/ISE/DAC_control/MCP4726_test_isim_beh.exe
Fuse Memory Usage: 38000 KB
Fuse CPU Usage: 515 ms
